2021-09-15T17:43:13.718Z INFO @wdio/local-runner: Run worker command: run
2021-09-15T17:43:13.936Z DEBUG @wdio/local-runner:utils: init remote session
2021-09-15T17:43:13.937Z INFO webdriverio: Initiate new session using the webdriver protocol
2021-09-15T17:43:13.939Z INFO webdriver: [POST] http://127.0.0.1:4444/wd/hub/session
2021-09-15T17:43:13.939Z INFO webdriver: DATA {
  capabilities: {
    alwaysMatch: {
      browserName: 'chrome',
      protocol: 'http',
      hostname: 'localhost',
      port: 4444,
      path: '/wd/hub'
    },
    firstMatch: [ {} ]
  },
  desiredCapabilities: {
    browserName: 'chrome',
    protocol: 'http',
    hostname: 'localhost',
    port: 4444,
    path: '/wd/hub'
  }
}
2021-09-15T17:43:14.036Z DEBUG webdriver: request failed due to status 13
2021-09-15T17:43:14.036Z WARN webdriver: Request failed due to Illegal key values seen in w3c capabilities: [hostname, path, port, protocol]
2021-09-15T17:43:14.036Z INFO webdriver: Retrying 1/3
2021-09-15T17:43:14.036Z INFO webdriver: [POST] http://127.0.0.1:4444/wd/hub/session
2021-09-15T17:43:14.036Z INFO webdriver: DATA {
  capabilities: {
    alwaysMatch: {
      browserName: 'chrome',
      protocol: 'http',
      hostname: 'localhost',
      port: 4444,
      path: '/wd/hub'
    },
    firstMatch: [ {} ]
  },
  desiredCapabilities: {
    browserName: 'chrome',
    protocol: 'http',
    hostname: 'localhost',
    port: 4444,
    path: '/wd/hub'
  }
}
2021-09-15T17:43:14.065Z DEBUG webdriver: request failed due to status 13
2021-09-15T17:43:14.065Z WARN webdriver: Request failed due to Illegal key values seen in w3c capabilities: [hostname, path, port, protocol]
2021-09-15T17:43:14.065Z INFO webdriver: Retrying 2/3
2021-09-15T17:43:14.066Z INFO webdriver: [POST] http://127.0.0.1:4444/wd/hub/session
2021-09-15T17:43:14.066Z INFO webdriver: DATA {
  capabilities: {
    alwaysMatch: {
      browserName: 'chrome',
      protocol: 'http',
      hostname: 'localhost',
      port: 4444,
      path: '/wd/hub'
    },
    firstMatch: [ {} ]
  },
  desiredCapabilities: {
    browserName: 'chrome',
    protocol: 'http',
    hostname: 'localhost',
    port: 4444,
    path: '/wd/hub'
  }
}
2021-09-15T17:43:14.081Z DEBUG webdriver: request failed due to status 13
2021-09-15T17:43:14.081Z WARN webdriver: Request failed due to Illegal key values seen in w3c capabilities: [hostname, path, port, protocol]
2021-09-15T17:43:14.081Z INFO webdriver: Retrying 3/3
2021-09-15T17:43:14.081Z INFO webdriver: [POST] http://127.0.0.1:4444/wd/hub/session
2021-09-15T17:43:14.081Z INFO webdriver: DATA {
  capabilities: {
    alwaysMatch: {
      browserName: 'chrome',
      protocol: 'http',
      hostname: 'localhost',
      port: 4444,
      path: '/wd/hub'
    },
    firstMatch: [ {} ]
  },
  desiredCapabilities: {
    browserName: 'chrome',
    protocol: 'http',
    hostname: 'localhost',
    port: 4444,
    path: '/wd/hub'
  }
}
2021-09-15T17:43:14.096Z DEBUG webdriver: request failed due to status 13
2021-09-15T17:43:14.097Z ERROR webdriver: Request failed due to unknown error: Illegal key values seen in w3c capabilities: [hostname, path, port, protocol]
    at getErrorFromResponseBody (/home/ptghyd/Desktop/automation-practice-bdd-wdio-master/node_modules/webdriver/build/utils.js:121:10)
    at Request._callback (/home/ptghyd/Desktop/automation-practice-bdd-wdio-master/node_modules/webdriver/build/request.js:121:64)
    at Request.self.callback (/home/ptghyd/Desktop/automation-practice-bdd-wdio-master/node_modules/request/request.js:185:22)
    at Request.emit (events.js:400:28)
    at Request.emit (domain.js:470:12)
    at Request.<anonymous> (/home/ptghyd/Desktop/automation-practice-bdd-wdio-master/node_modules/request/request.js:1154:10)
    at Request.emit (events.js:400:28)
    at Request.emit (domain.js:470:12)
    at IncomingMessage.<anonymous> (/home/ptghyd/Desktop/automation-practice-bdd-wdio-master/node_modules/request/request.js:1076:12)
    at Object.onceWrapper (events.js:519:28)
    at IncomingMessage.emit (events.js:412:35)
    at IncomingMessage.emit (domain.js:470:12)
    at endReadableNT (internal/streams/readable.js:1317:12)
    at processTicksAndRejections (internal/process/task_queues.js:82:21)
2021-09-15T17:43:14.098Z ERROR webdriver: unknown error: Illegal key values seen in w3c capabilities: [hostname, path, port, protocol]
    at getErrorFromResponseBody (/home/ptghyd/Desktop/automation-practice-bdd-wdio-master/node_modules/webdriver/build/utils.js:121:10)
    at Request._callback (/home/ptghyd/Desktop/automation-practice-bdd-wdio-master/node_modules/webdriver/build/request.js:121:64)
    at Request.self.callback (/home/ptghyd/Desktop/automation-practice-bdd-wdio-master/node_modules/request/request.js:185:22)
    at Request.emit (events.js:400:28)
    at Request.emit (domain.js:470:12)
    at Request.<anonymous> (/home/ptghyd/Desktop/automation-practice-bdd-wdio-master/node_modules/request/request.js:1154:10)
    at Request.emit (events.js:400:28)
    at Request.emit (domain.js:470:12)
    at IncomingMessage.<anonymous> (/home/ptghyd/Desktop/automation-practice-bdd-wdio-master/node_modules/request/request.js:1076:12)
    at Object.onceWrapper (events.js:519:28)
    at IncomingMessage.emit (events.js:412:35)
    at IncomingMessage.emit (domain.js:470:12)
    at endReadableNT (internal/streams/readable.js:1317:12)
    at processTicksAndRejections (internal/process/task_queues.js:82:21)
2021-09-15T17:43:14.099Z ERROR @wdio/runner: Error: Failed to create session.
Illegal key values seen in w3c capabilities: [hostname, path, port, protocol]
Make sure to add vendor prefix like "goog:", "appium:", "moz:", etc to non W3C capabilities.
See more https://www.w3.org/TR/webdriver/#capabilities
    at startWebDriverSession (/home/ptghyd/Desktop/automation-practice-bdd-wdio-master/node_modules/webdriver/build/utils.js:45:11)
    at processTicksAndRejections (internal/process/task_queues.js:95:5)
    at async Function.newSession (/home/ptghyd/Desktop/automation-practice-bdd-wdio-master/node_modules/webdriver/build/index.js:44:23)
    at async remote (/home/ptghyd/Desktop/automation-practice-bdd-wdio-master/node_modules/webdriverio/build/index.js:55:20)
    at async Runner._startSession (/home/ptghyd/Desktop/automation-practice-bdd-wdio-master/node_modules/@wdio/runner/build/index.js:209:50)
    at async Runner._initSession (/home/ptghyd/Desktop/automation-practice-bdd-wdio-master/node_modules/@wdio/runner/build/index.js:178:21)
    at async Runner.run (/home/ptghyd/Desktop/automation-practice-bdd-wdio-master/node_modules/@wdio/runner/build/index.js:96:15)
